# JRE version: Java(TM) SE Runtime Environment (8.0_111-b14) (build 1.8.0_111-b14)
# Java VM: Java HotSpot(TM) 64-Bit Server VM (25.111-b14 mixed mode bsd-amd64 compressed oops)
Heap:
 PSYoungGen      total 76288K, used 13244K [0x000000076ab00000, 0x0000000770000000, 0x00000007c0000000)
  eden space 65536K, 20% used [0x000000076ab00000,0x000000076b7ef090,0x000000076eb00000)
  from space 10752K, 0% used [0x000000076eb00000,0x000000076eb00000,0x000000076f580000)
  to   space 10752K, 0% used [0x000000076f580000,0x000000076f580000,0x0000000770000000)
 ParOldGen       total 122368K, used 7525K [0x00000006c0000000, 0x00000006c7780000, 0x000000076ab00000)
  object space 122368K, 6% used [0x00000006c0000000,0x00000006c0759738,0x00000006c7780000)
 Metaspace       used 28149K, capacity 29204K, committed 29312K, reserved 1075200K
  class space    used 3980K, capacity 4205K, committed 4224K, reserved 1048576K
GC Heap History (4 events):
Event: 1.443 GC heap before
{Heap before GC invocations=1 (full 0):
 PSYoungGen      total 76288K, used 50406K [0x000000076ab00000, 0x0000000770000000, 0x00000007c0000000)
  eden space 65536K, 76% used [0x000000076ab00000,0x000000076dc39810,0x000000076eb00000)
  from space 10752K, 0% used [0x000000076f580000,0x000000076f580000,0x0000000770000000)
  to   space 10752K, 0% used [0x000000076eb00000,0x000000076eb00000,0x000000076f580000)
 ParOldGen       total 175104K, used 0K [0x00000006c0000000, 0x00000006cab00000, 0x000000076ab00000)
  object space 175104K, 0% used [0x00000006c0000000,0x00000006c0000000,0x00000006cab00000)
 Metaspace       used 20528K, capacity 21168K, committed 21296K, reserved 1067008K
  class space    used 2946K, capacity 3120K, committed 3200K, reserved 1048576K
Event: 1.451 GC heap after
Heap after GC invocations=1 (full 0):
 PSYoungGen      total 76288K, used 7764K [0x000000076ab00000, 0x0000000770000000, 0x00000007c0000000)
  eden space 65536K, 0% used [0x000000076ab00000,0x000000076ab00000,0x000000076eb00000)
  from space 10752K, 72% used [0x000000076eb00000,0x000000076f295148,0x000000076f580000)
  to   space 10752K, 0% used [0x000000076f580000,0x000000076f580000,0x0000000770000000)
 ParOldGen       total 175104K, used 80K [0x00000006c0000000, 0x00000006cab00000, 0x000000076ab00000)
  object space 175104K, 0% used [0x00000006c0000000,0x00000006c0014010,0x00000006cab00000)
 Metaspace       used 20528K, capacity 21168K, committed 21296K, reserved 1067008K
  class space    used 2946K, capacity 3120K, committed 3200K, reserved 1048576K
}
Event: 1.451 GC heap before
{Heap before GC invocations=2 (full 1):
 PSYoungGen      total 76288K, used 7764K [0x000000076ab00000, 0x0000000770000000, 0x00000007c0000000)
  eden space 65536K, 0% used [0x000000076ab00000,0x000000076ab00000,0x000000076eb00000)
  from space 10752K, 72% used [0x000000076eb00000,0x000000076f295148,0x000000076f580000)
  to   space 10752K, 0% used [0x000000076f580000,0x000000076f580000,0x0000000770000000)
 ParOldGen       total 175104K, used 80K [0x00000006c0000000, 0x00000006cab00000, 0x000000076ab00000)
  object space 175104K, 0% used [0x00000006c0000000,0x00000006c0014010,0x00000006cab00000)
 Metaspace       used 20528K, capacity 21168K, committed 21296K, reserved 1067008K
  class space    used 2946K, capacity 3120K, committed 3200K, reserved 1048576K
Event: 1.476 GC heap after
Heap after GC invocations=2 (full 1):
 PSYoungGen      total 76288K, used 0K [0x000000076ab00000, 0x0000000770000000, 0x00000007c0000000)
  eden space 65536K, 0% used [0x000000076ab00000,0x000000076ab00000,0x000000076eb00000)
  from space 10752K, 0% used [0x000000076eb00000,0x000000076eb00000,0x000000076f580000)
  to   space 10752K, 0% used [0x000000076f580000,0x000000076f580000,0x0000000770000000)
 ParOldGen       total 122368K, used 7525K [0x00000006c0000000, 0x00000006c7780000, 0x000000076ab00000)
  object space 122368K, 6% used [0x00000006c0000000,0x00000006c0759738,0x00000006c7780000)
 Metaspace       used 20528K, capacity 21168K, committed 21296K, reserved 1067008K
  class space    used 2946K, capacity 3120K, committed 3200K, reserved 1048576K
}

