# JRE version: Java(TM) SE Runtime Environment (8.0_152-b05) (build 1.8.0_152-ea-b05)
# Java VM: Java HotSpot(TM) 64-Bit Server VM (25.152-b05 mixed mode bsd-amd64 compressed oops)
Heap:
 PSYoungGen      total 36864K, used 19353K [0x000000076ab00000, 0x000000076d300000, 0x00000007c0000000)
  eden space 36352K, 53% used [0x000000076ab00000,0x000000076bde67e8,0x000000076ce80000)
  from space 512K, 0% used [0x000000076d200000,0x000000076d200000,0x000000076d280000)
  to   space 512K, 0% used [0x000000076d280000,0x000000076d280000,0x000000076d300000)
 ParOldGen       total 108544K, used 17890K [0x00000006c0000000, 0x00000006c6a00000, 0x000000076ab00000)
  object space 108544K, 16% used [0x00000006c0000000,0x00000006c1178ac8,0x00000006c6a00000)
 Metaspace       used 32608K, capacity 35380K, committed 35584K, reserved 1079296K
  class space    used 4333K, capacity 4827K, committed 4864K, reserved 1048576K
GC Heap History (10 events):
Event: 3483.293 GC heap before
{Heap before GC invocations=171 (full 1):
 PSYoungGen      total 36864K, used 36608K [0x000000076ab00000, 0x000000076d300000, 0x00000007c0000000)
  eden space 36352K, 100% used [0x000000076ab00000,0x000000076ce80000,0x000000076ce80000)
  from space 512K, 50% used [0x000000076d200000,0x000000076d240000,0x000000076d280000)
  to   space 512K, 0% used [0x000000076d280000,0x000000076d280000,0x000000076d300000)
 ParOldGen       total 102400K, used 21674K [0x00000006c0000000, 0x00000006c6400000, 0x000000076ab00000)
  object space 102400K, 21% used [0x00000006c0000000,0x00000006c152ab30,0x00000006c6400000)
 Metaspace       used 32507K, capacity 35258K, committed 35328K, reserved 1079296K
  class space    used 4334K, capacity 4830K, committed 4864K, reserved 1048576K
Event: 3483.295 GC heap after
Heap after GC invocations=171 (full 1):
 PSYoungGen      total 36864K, used 288K [0x000000076ab00000, 0x000000076d300000, 0x00000007c0000000)
  eden space 36352K, 0% used [0x000000076ab00000,0x000000076ab00000,0x000000076ce80000)
  from space 512K, 56% used [0x000000076d280000,0x000000076d2c8000,0x000000076d300000)
  to   space 512K, 0% used [0x000000076d200000,0x000000076d200000,0x000000076d280000)
 ParOldGen       total 102400K, used 21682K [0x00000006c0000000, 0x00000006c6400000, 0x000000076ab00000)
  object space 102400K, 21% used [0x00000006c0000000,0x00000006c152cb30,0x00000006c6400000)
 Metaspace       used 32507K, capacity 35258K, committed 35328K, reserved 1079296K
  class space    used 4334K, capacity 4830K, committed 4864K, reserved 1048576K
}
Event: 3500.276 GC heap before
{Heap before GC invocations=172 (full 1):
 PSYoungGen      total 36864K, used 36640K [0x000000076ab00000, 0x000000076d300000, 0x00000007c0000000)
  eden space 36352K, 100% used [0x000000076ab00000,0x000000076ce80000,0x000000076ce80000)
  from space 512K, 56% used [0x000000076d280000,0x000000076d2c8000,0x000000076d300000)
  to   space 512K, 0% used [0x000000076d200000,0x000000076d200000,0x000000076d280000)
 ParOldGen       total 102400K, used 21682K [0x00000006c0000000, 0x00000006c6400000, 0x000000076ab00000)
  object space 102400K, 21% used [0x00000006c0000000,0x00000006c152cb30,0x00000006c6400000)
 Metaspace       used 32517K, capacity 35258K, committed 35328K, reserved 1079296K
  class space    used 4334K, capacity 4830K, committed 4864K, reserved 1048576K
Event: 3500.278 GC heap after
Heap after GC invocations=172 (full 1):
 PSYoungGen      total 36864K, used 256K [0x000000076ab00000, 0x000000076d300000, 0x00000007c0000000)
  eden space 36352K, 0% used [0x000000076ab00000,0x000000076ab00000,0x000000076ce80000)
  from space 512K, 50% used [0x000000076d200000,0x000000076d240000,0x000000076d280000)
  to   space 512K, 0% used [0x000000076d280000,0x000000076d280000,0x000000076d300000)
 ParOldGen       total 102400K, used 21690K [0x00000006c0000000, 0x00000006c6400000, 0x000000076ab00000)
  object space 102400K, 21% used [0x00000006c0000000,0x00000006c152eb30,0x00000006c6400000)
 Metaspace       used 32517K, capacity 35258K, committed 35328K, reserved 1079296K
  class space    used 4334K, capacity 4830K, committed 4864K, reserved 1048576K
}
Event: 3513.958 GC heap before
{Heap before GC invocations=173 (full 1):
 PSYoungGen      total 36864K, used 36608K [0x000000076ab00000, 0x000000076d300000, 0x00000007c0000000)
  eden space 36352K, 100% used [0x000000076ab00000,0x000000076ce80000,0x000000076ce80000)
  from space 512K, 50% used [0x000000076d200000,0x000000076d240000,0x000000076d280000)
  to   space 512K, 0% used [0x000000076d280000,0x000000076d280000,0x000000076d300000)
 ParOldGen       total 102400K, used 21690K [0x00000006c0000000, 0x00000006c6400000, 0x000000076ab00000)
  object space 102400K, 21% used [0x00000006c0000000,0x00000006c152eb30,0x00000006c6400000)
 Metaspace       used 32535K, capacity 35322K, committed 35416K, reserved 1079296K
  class space    used 4334K, capacity 4830K, committed 4864K, reserved 1048576K
Event: 3513.960 GC heap after
Heap after GC invocations=173 (full 1):
 PSYoungGen      total 36864K, used 320K [0x000000076ab00000, 0x000000076d300000, 0x00000007c0000000)
  eden space 36352K, 0% used [0x000000076ab00000,0x000000076ab00000,0x000000076ce80000)
  from space 512K, 62% used [0x000000076d280000,0x000000076d2d0000,0x000000076d300000)
  to   space 512K, 0% used [0x000000076d200000,0x000000076d200000,0x000000076d280000)
 ParOldGen       total 102400K, used 21698K [0x00000006c0000000, 0x00000006c6400000, 0x000000076ab00000)
  object space 102400K, 21% used [0x00000006c0000000,0x00000006c1530b30,0x00000006c6400000)
 Metaspace       used 32535K, capacity 35322K, committed 35416K, reserved 1079296K
  class space    used 4334K, capacity 4830K, committed 4864K, reserved 1048576K
}
Event: 3520.311 GC heap before
{Heap before GC invocations=174 (full 1):
 PSYoungGen      total 36864K, used 19504K [0x000000076ab00000, 0x000000076d300000, 0x00000007c0000000)
  eden space 36352K, 52% used [0x000000076ab00000,0x000000076bdbc380,0x000000076ce80000)
  from space 512K, 62% used [0x000000076d280000,0x000000076d2d0000,0x000000076d300000)
  to   space 512K, 0% used [0x000000076d200000,0x000000076d200000,0x000000076d280000)
 ParOldGen       total 102400K, used 21698K [0x00000006c0000000, 0x00000006c6400000, 0x000000076ab00000)
  object space 102400K, 21% used [0x00000006c0000000,0x00000006c1530b30,0x00000006c6400000)
 Metaspace       used 32581K, capacity 35326K, committed 35416K, reserved 1079296K
  class space    used 4334K, capacity 4830K, committed 4864K, reserved 1048576K
Event: 3520.313 GC heap after
Heap after GC invocations=174 (full 1):
 PSYoungGen      total 36864K, used 416K [0x000000076ab00000, 0x000000076d300000, 0x00000007c0000000)
  eden space 36352K, 0% used [0x000000076ab00000,0x000000076ab00000,0x000000076ce80000)
  from space 512K, 81% used [0x000000076d200000,0x000000076d268000,0x000000076d280000)
  to   space 512K, 0% used [0x000000076d280000,0x000000076d280000,0x000000076d300000)
 ParOldGen       total 102400K, used 21706K [0x00000006c0000000, 0x00000006c6400000, 0x000000076ab00000)
  object space 102400K, 21% used [0x00000006c0000000,0x00000006c1532b30,0x00000006c6400000)
 Metaspace       used 32581K, capacity 35326K, committed 35416K, reserved 1079296K
  class space    used 4334K, capacity 4830K, committed 4864K, reserved 1048576K
}
Event: 3520.313 GC heap before
{Heap before GC invocations=175 (full 2):
 PSYoungGen      total 36864K, used 416K [0x000000076ab00000, 0x000000076d300000, 0x00000007c0000000)
  eden space 36352K, 0% used [0x000000076ab00000,0x000000076ab00000,0x000000076ce80000)
  from space 512K, 81% used [0x000000076d200000,0x000000076d268000,0x000000076d280000)
  to   space 512K, 0% used [0x000000076d280000,0x000000076d280000,0x000000076d300000)
 ParOldGen       total 102400K, used 21706K [0x00000006c0000000, 0x00000006c6400000, 0x000000076ab00000)
  object space 102400K, 21% used [0x00000006c0000000,0x00000006c1532b30,0x00000006c6400000)
 Metaspace       used 32581K, capacity 35326K, committed 35416K, reserved 1079296K
  class space    used 4334K, capacity 4830K, committed 4864K, reserved 1048576K
Event: 3520.393 GC heap after
Heap after GC invocations=175 (full 2):
 PSYoungGen      total 36864K, used 0K [0x000000076ab00000, 0x000000076d300000, 0x00000007c0000000)
  eden space 36352K, 0% used [0x000000076ab00000,0x000000076ab00000,0x000000076ce80000)
  from space 512K, 0% used [0x000000076d200000,0x000000076d200000,0x000000076d280000)
  to   space 512K, 0% used [0x000000076d280000,0x000000076d280000,0x000000076d300000)
 ParOldGen       total 108544K, used 17890K [0x00000006c0000000, 0x00000006c6a00000, 0x000000076ab00000)
  object space 108544K, 16% used [0x00000006c0000000,0x00000006c1178ac8,0x00000006c6a00000)
 Metaspace       used 32574K, capacity 35302K, committed 35416K, reserved 1079296K
  class space    used 4332K, capacity 4826K, committed 4864K, reserved 1048576K
}

