# JRE version: Java(TM) SE Runtime Environment (8.0_152-b05) (build 1.8.0_152-ea-b05)
# Java VM: Java HotSpot(TM) 64-Bit Server VM (25.152-b05 mixed mode bsd-amd64 compressed oops)
Heap:
 PSYoungGen      total 40448K, used 5599K [0x000000076ab00000, 0x000000076d380000, 0x00000007c0000000)
  eden space 39936K, 13% used [0x000000076ab00000,0x000000076b03fd20,0x000000076d200000)
  from space 512K, 43% used [0x000000076d280000,0x000000076d2b8000,0x000000076d300000)
  to   space 512K, 0% used [0x000000076d300000,0x000000076d300000,0x000000076d380000)
 ParOldGen       total 124928K, used 17989K [0x00000006c0000000, 0x00000006c7a00000, 0x000000076ab00000)
  object space 124928K, 14% used [0x00000006c0000000,0x00000006c11916b0,0x00000006c7a00000)
 Metaspace       used 31481K, capacity 33814K, committed 34048K, reserved 1079296K
  class space    used 4195K, capacity 4590K, committed 4608K, reserved 1048576K
GC Heap History (10 events):
Event: 2275.056 GC heap before
{Heap before GC invocations=114 (full 1):
 PSYoungGen      total 40448K, used 40128K [0x000000076ab00000, 0x000000076d380000, 0x00000007c0000000)
  eden space 39936K, 100% used [0x000000076ab00000,0x000000076d200000,0x000000076d200000)
  from space 512K, 37% used [0x000000076d300000,0x000000076d330000,0x000000076d380000)
  to   space 512K, 0% used [0x000000076d280000,0x000000076d280000,0x000000076d300000)
 ParOldGen       total 124928K, used 17981K [0x00000006c0000000, 0x00000006c7a00000, 0x000000076ab00000)
  object space 124928K, 14% used [0x00000006c0000000,0x00000006c118f6b0,0x00000006c7a00000)
 Metaspace       used 31427K, capacity 33814K, committed 34048K, reserved 1079296K
  class space    used 4194K, capacity 4590K, committed 4608K, reserved 1048576K
Event: 2275.058 GC heap after
Heap after GC invocations=114 (full 1):
 PSYoungGen      total 40448K, used 128K [0x000000076ab00000, 0x000000076d380000, 0x00000007c0000000)
  eden space 39936K, 0% used [0x000000076ab00000,0x000000076ab00000,0x000000076d200000)
  from space 512K, 25% used [0x000000076d280000,0x000000076d2a0000,0x000000076d300000)
  to   space 512K, 0% used [0x000000076d300000,0x000000076d300000,0x000000076d380000)
 ParOldGen       total 124928K, used 17981K [0x00000006c0000000, 0x00000006c7a00000, 0x000000076ab00000)
  object space 124928K, 14% used [0x00000006c0000000,0x00000006c118f6b0,0x00000006c7a00000)
 Metaspace       used 31427K, capacity 33814K, committed 34048K, reserved 1079296K
  class space    used 4194K, capacity 4590K, committed 4608K, reserved 1048576K
}
Event: 2292.957 GC heap before
{Heap before GC invocations=115 (full 1):
 PSYoungGen      total 40448K, used 40064K [0x000000076ab00000, 0x000000076d380000, 0x00000007c0000000)
  eden space 39936K, 100% used [0x000000076ab00000,0x000000076d200000,0x000000076d200000)
  from space 512K, 25% used [0x000000076d280000,0x000000076d2a0000,0x000000076d300000)
  to   space 512K, 0% used [0x000000076d300000,0x000000076d300000,0x000000076d380000)
 ParOldGen       total 124928K, used 17981K [0x00000006c0000000, 0x00000006c7a00000, 0x000000076ab00000)
  object space 124928K, 14% used [0x00000006c0000000,0x00000006c118f6b0,0x00000006c7a00000)
 Metaspace       used 31427K, capacity 33814K, committed 34048K, reserved 1079296K
  class space    used 4194K, capacity 4590K, committed 4608K, reserved 1048576K
Event: 2292.959 GC heap after
Heap after GC invocations=115 (full 1):
 PSYoungGen      total 40448K, used 160K [0x000000076ab00000, 0x000000076d380000, 0x00000007c0000000)
  eden space 39936K, 0% used [0x000000076ab00000,0x000000076ab00000,0x000000076d200000)
  from space 512K, 31% used [0x000000076d300000,0x000000076d328000,0x000000076d380000)
  to   space 512K, 0% used [0x000000076d280000,0x000000076d280000,0x000000076d300000)
 ParOldGen       total 124928K, used 17981K [0x00000006c0000000, 0x00000006c7a00000, 0x000000076ab00000)
  object space 124928K, 14% used [0x00000006c0000000,0x00000006c118f6b0,0x00000006c7a00000)
 Metaspace       used 31427K, capacity 33814K, committed 34048K, reserved 1079296K
  class space    used 4194K, capacity 4590K, committed 4608K, reserved 1048576K
}
Event: 2311.057 GC heap before
{Heap before GC invocations=116 (full 1):
 PSYoungGen      total 40448K, used 40096K [0x000000076ab00000, 0x000000076d380000, 0x00000007c0000000)
  eden space 39936K, 100% used [0x000000076ab00000,0x000000076d200000,0x000000076d200000)
  from space 512K, 31% used [0x000000076d300000,0x000000076d328000,0x000000076d380000)
  to   space 512K, 0% used [0x000000076d280000,0x000000076d280000,0x000000076d300000)
 ParOldGen       total 124928K, used 17981K [0x00000006c0000000, 0x00000006c7a00000, 0x000000076ab00000)
  object space 124928K, 14% used [0x00000006c0000000,0x00000006c118f6b0,0x00000006c7a00000)
 Metaspace       used 31427K, capacity 33814K, committed 34048K, reserved 1079296K
  class space    used 4194K, capacity 4590K, committed 4608K, reserved 1048576K
Event: 2311.059 GC heap after
Heap after GC invocations=116 (full 1):
 PSYoungGen      total 40448K, used 192K [0x000000076ab00000, 0x000000076d380000, 0x00000007c0000000)
  eden space 39936K, 0% used [0x000000076ab00000,0x000000076ab00000,0x000000076d200000)
  from space 512K, 37% used [0x000000076d280000,0x000000076d2b0000,0x000000076d300000)
  to   space 512K, 0% used [0x000000076d300000,0x000000076d300000,0x000000076d380000)
 ParOldGen       total 124928K, used 17981K [0x00000006c0000000, 0x00000006c7a00000, 0x000000076ab00000)
  object space 124928K, 14% used [0x00000006c0000000,0x00000006c118f6b0,0x00000006c7a00000)
 Metaspace       used 31427K, capacity 33814K, committed 34048K, reserved 1079296K
  class space    used 4194K, capacity 4590K, committed 4608K, reserved 1048576K
}
Event: 2329.456 GC heap before
{Heap before GC invocations=117 (full 1):
 PSYoungGen      total 40448K, used 40128K [0x000000076ab00000, 0x000000076d380000, 0x00000007c0000000)
  eden space 39936K, 100% used [0x000000076ab00000,0x000000076d200000,0x000000076d200000)
  from space 512K, 37% used [0x000000076d280000,0x000000076d2b0000,0x000000076d300000)
  to   space 512K, 0% used [0x000000076d300000,0x000000076d300000,0x000000076d380000)
 ParOldGen       total 124928K, used 17981K [0x00000006c0000000, 0x00000006c7a00000, 0x000000076ab00000)
  object space 124928K, 14% used [0x00000006c0000000,0x00000006c118f6b0,0x00000006c7a00000)
 Metaspace       used 31427K, capacity 33814K, committed 34048K, reserved 1079296K
  class space    used 4194K, capacity 4590K, committed 4608K, reserved 1048576K
Event: 2329.458 GC heap after
Heap after GC invocations=117 (full 1):
 PSYoungGen      total 40448K, used 160K [0x000000076ab00000, 0x000000076d380000, 0x00000007c0000000)
  eden space 39936K, 0% used [0x000000076ab00000,0x000000076ab00000,0x000000076d200000)
  from space 512K, 31% used [0x000000076d300000,0x000000076d328000,0x000000076d380000)
  to   space 512K, 0% used [0x000000076d280000,0x000000076d280000,0x000000076d300000)
 ParOldGen       total 124928K, used 17981K [0x00000006c0000000, 0x00000006c7a00000, 0x000000076ab00000)
  object space 124928K, 14% used [0x00000006c0000000,0x00000006c118f6b0,0x00000006c7a00000)
 Metaspace       used 31427K, capacity 33814K, committed 34048K, reserved 1079296K
  class space    used 4194K, capacity 4590K, committed 4608K, reserved 1048576K
}
Event: 2347.854 GC heap before
{Heap before GC invocations=118 (full 1):
 PSYoungGen      total 40448K, used 40096K [0x000000076ab00000, 0x000000076d380000, 0x00000007c0000000)
  eden space 39936K, 100% used [0x000000076ab00000,0x000000076d200000,0x000000076d200000)
  from space 512K, 31% used [0x000000076d300000,0x000000076d328000,0x000000076d380000)
  to   space 512K, 0% used [0x000000076d280000,0x000000076d280000,0x000000076d300000)
 ParOldGen       total 124928K, used 17981K [0x00000006c0000000, 0x00000006c7a00000, 0x000000076ab00000)
  object space 124928K, 14% used [0x00000006c0000000,0x00000006c118f6b0,0x00000006c7a00000)
 Metaspace       used 31473K, capacity 33814K, committed 34048K, reserved 1079296K
  class space    used 4195K, capacity 4590K, committed 4608K, reserved 1048576K
Event: 2347.856 GC heap after
Heap after GC invocations=118 (full 1):
 PSYoungGen      total 40448K, used 224K [0x000000076ab00000, 0x000000076d380000, 0x00000007c0000000)
  eden space 39936K, 0% used [0x000000076ab00000,0x000000076ab00000,0x000000076d200000)
  from space 512K, 43% used [0x000000076d280000,0x000000076d2b8000,0x000000076d300000)
  to   space 512K, 0% used [0x000000076d300000,0x000000076d300000,0x000000076d380000)
 ParOldGen       total 124928K, used 17989K [0x00000006c0000000, 0x00000006c7a00000, 0x000000076ab00000)
  object space 124928K, 14% used [0x00000006c0000000,0x00000006c11916b0,0x00000006c7a00000)
 Metaspace       used 31473K, capacity 33814K, committed 34048K, reserved 1079296K
  class space    used 4195K, capacity 4590K, committed 4608K, reserved 1048576K
}

